<?xml version="1.0" encoding="UTF-8"?>
<!-- Generated by org.testng.reporters.JUnitReportReporter -->
<testsuite hostname="DESKTOP-T9TA374" failures="0" tests="2" name="Practice.SoftAssertTest" time="0.037" errors="0" timestamp="2023-02-28T16:40:31 IST" skipped="0">
  <testcase classname="Practice.SoftAssertTest" name="modifyContact" time="0.002"/>
  <system-out/>
  <testcase classname="Practice.SoftAssertTest" name="crateContact" time="0.035"/>
  <system-out/>
</testsuite> <!-- Practice.SoftAssertTest -->
